C:\USERS\ARIJEET\DOCUMENTS\VISUAL STUDIO 2012\PROJECTS\DJIKSTRAS\DJIKSTRAS\DEBUG\MAIN1.OBJ
C:\USERS\ARIJEET\DOCUMENTS\VISUAL STUDIO 2012\PROJECTS\DJIKSTRAS\DJIKSTRAS\DEBUG\VC110.PDB
C:\USERS\ARIJEET\DOCUMENTS\VISUAL STUDIO 2012\PROJECTS\DJIKSTRAS\DEBUG\DJIKSTRAS.ILK
C:\USERS\ARIJEET\DOCUMENTS\VISUAL STUDIO 2012\PROJECTS\DJIKSTRAS\DEBUG\DJIKSTRAS.EXE
C:\USERS\ARIJEET\DOCUMENTS\VISUAL STUDIO 2012\PROJECTS\DJIKSTRAS\DEBUG\DJIKSTRAS.PDB
C:\Users\Arijeet\Documents\Visual Studio 2012\Projects\djikstras\djikstras\Debug\main1.obj
C:\Users\Arijeet\Documents\Visual Studio 2012\Projects\djikstras\djikstras\Debug\cl.command.1.tlog
C:\Users\Arijeet\Documents\Visual Studio 2012\Projects\djikstras\djikstras\Debug\CL.read.1.tlog
C:\Users\Arijeet\Documents\Visual Studio 2012\Projects\djikstras\djikstras\Debug\CL.write.1.tlog
C:\Users\Arijeet\Documents\Visual Studio 2012\Projects\djikstras\djikstras\Debug\link-cvtres.read.1.tlog
C:\Users\Arijeet\Documents\Visual Studio 2012\Projects\djikstras\djikstras\Debug\link-cvtres.write.1.tlog
C:\Users\Arijeet\Documents\Visual Studio 2012\Projects\djikstras\djikstras\Debug\link-rc.read.1.tlog
C:\Users\Arijeet\Documents\Visual Studio 2012\Projects\djikstras\djikstras\Debug\link-rc.write.1.tlog
C:\Users\Arijeet\Documents\Visual Studio 2012\Projects\djikstras\djikstras\Debug\link.4044-cvtres.read.1.tlog
C:\Users\Arijeet\Documents\Visual Studio 2012\Projects\djikstras\djikstras\Debug\link.4044-cvtres.write.1.tlog
C:\Users\Arijeet\Documents\Visual Studio 2012\Projects\djikstras\djikstras\Debug\link.4044-rc.read.1.tlog
C:\Users\Arijeet\Documents\Visual Studio 2012\Projects\djikstras\djikstras\Debug\link.4044-rc.write.1.tlog
C:\Users\Arijeet\Documents\Visual Studio 2012\Projects\djikstras\djikstras\Debug\link.4044.read.1.tlog
C:\Users\Arijeet\Documents\Visual Studio 2012\Projects\djikstras\djikstras\Debug\link.4044.write.1.tlog
C:\Users\Arijeet\Documents\Visual Studio 2012\Projects\djikstras\djikstras\Debug\link.4700-cvtres.read.1.tlog
C:\Users\Arijeet\Documents\Visual Studio 2012\Projects\djikstras\djikstras\Debug\link.4700-cvtres.write.1.tlog
C:\Users\Arijeet\Documents\Visual Studio 2012\Projects\djikstras\djikstras\Debug\link.4700-rc.read.1.tlog
C:\Users\Arijeet\Documents\Visual Studio 2012\Projects\djikstras\djikstras\Debug\link.4700-rc.write.1.tlog
C:\Users\Arijeet\Documents\Visual Studio 2012\Projects\djikstras\djikstras\Debug\link.4700.read.1.tlog
C:\Users\Arijeet\Documents\Visual Studio 2012\Projects\djikstras\djikstras\Debug\link.4700.write.1.tlog
C:\Users\Arijeet\Documents\Visual Studio 2012\Projects\djikstras\djikstras\Debug\link.command.1.tlog
C:\Users\Arijeet\Documents\Visual Studio 2012\Projects\djikstras\djikstras\Debug\link.read.1.tlog
C:\Users\Arijeet\Documents\Visual Studio 2012\Projects\djikstras\djikstras\Debug\link.write.1.tlog
C:\Users\Arijeet\Documents\Visual Studio 2012\Projects\djikstras\djikstras\Debug\vc110.idb
C:\Users\Arijeet\Documents\Visual Studio 2012\Projects\djikstras\djikstras\Debug\vc110.pdb
C:\Users\Arijeet\Documents\Visual Studio 2012\Projects\djikstras\Debug\djikstras.pdb
C:\Users\Arijeet\Documents\Visual Studio 2012\Projects\djikstras\Debug\djikstras.exe
C:\Users\Arijeet\Documents\Visual Studio 2012\Projects\djikstras\Debug\djikstras.ilk
